/Applications/CLion.app/Contents/bin/cmake/bin/cmake -DCMAKE_BUILD_TYPE=Debug -G "CodeBlocks - Unix Makefiles" /Volumes/Data/GitHub/QGIS
-- The C compiler identification is AppleClang 9.0.0.9000039
-- The CXX compiler identification is AppleClang 9.0.0.9000039
-- Check for working C compiler: /Applications/Xcode.app/Contents/Developer/Toolchains/XcodeDefault.xctoolchain/usr/bin/cc
-- Check for working C compiler: /Applications/Xcode.app/Contents/Developer/Toolchains/XcodeDefault.xctoolchain/usr/bin/cc -- works
-- Detecting C compiler ABI info
-- Detecting C compiler ABI info - done
-- Detecting C compile features
-- Detecting C compile features - done
-- Check for working CXX compiler: /Applications/Xcode.app/Contents/Developer/Toolchains/XcodeDefault.xctoolchain/usr/bin/c++
-- Check for working CXX compiler: /Applications/Xcode.app/Contents/Developer/Toolchains/XcodeDefault.xctoolchain/usr/bin/c++ -- works
-- Detecting CXX compiler ABI info
-- Detecting CXX compiler ABI info - done
-- Detecting CXX compile features
-- Detecting CXX compile features - done
-- QGIS version: 3.1.0 Master (30100)
-- Could not find GRASS 7
-- Looking for openpty
-- Looking for openpty - found
-- Looking for proj_info in /Library/Frameworks/PROJ.framework
-- Looking for proj_info in /Library/Frameworks/PROJ.framework - not found
-- Found Proj: /Library/Frameworks/PROJ.framework
-- Found GEOS: /Library/Frameworks/GEOS.framework (3.6.1)
-- Found GDAL: /Library/Frameworks/GDAL.framework (2.2.3)
-- Found Expat: /usr/lib/libexpat.dylib
-- Found Spatialindex: /usr/local/lib/libspatialindex.dylib
-- Found Qwt: /usr/local/lib/qwt.framework (6.1.3)
-- Found libzip: /usr/local/lib/libzip.dylib
-- Found Sqlite3: /Library/Frameworks/SQLite3.framework
-- Found PostgreSQL: /usr/local/lib/libpq.dylib
-- Found SpatiaLite: /Library/Frameworks/SQLite3.framework
-- Looking for gaiaStatisticsInvalidate in /Library/Frameworks/SQLite3.framework
-- Looking for gaiaStatisticsInvalidate in /Library/Frameworks/SQLite3.framework - found
-- Qt WebKit support enabled
-- Found Qt version: 5.10.0
-- Found QScintilla2: /usr/local/lib/libqscintilla2_qt5.dylib (2.10.2)
-- Found QtKeychain: /usr/local/lib/libqt5keychain.dylib
-- Found QCA: /usr/local/lib/qca-qt5.framework (2.1.3)
-- QtCore/QCA include/lib variables missing or CMake is cross-compiling,
--   skipping QCA OpenSSL plugin C++ check
-- Found Libtasn1: /usr/local/include  
-- Pedantic compiler settings enabled
-- Debug output enabled
-- Found PythonInterp: /Library/Frameworks/Python.framework/Versions/3.6/bin/python3 (found suitable version "3.6.4", minimum required is "3") 
-- Found Python executable: /Library/Frameworks/Python.framework/Versions/3.6/bin/python3
-- Found Python version: 3.6.4
-- Found Python library: /Library/Frameworks/Python.framework/Versions/3.6/Python
-- Found Python site-packages: /Library/Frameworks/Python.framework/Versions/3.6/lib/python3.6/site-packages
Traceback (most recent call last):
  File "/Volumes/Data/GitHub/QGIS/cmake/FindPyQt5.py", line 34, in <module>
    import PyQt5.pyqtconfig
ModuleNotFoundError: No module named 'PyQt5'

During handling of the above exception, another exception occurred:

Traceback (most recent call last):
  File "/Volumes/Data/GitHub/QGIS/cmake/FindPyQt5.py", line 37, in <module>
    import PyQt5.QtCore
ModuleNotFoundError: No module named 'PyQt5'
Traceback (most recent call last):
  File "/Volumes/Data/GitHub/QGIS/cmake/FindSIP.py", line 33, in <module>
    import sipconfig
ModuleNotFoundError: No module named 'sipconfig'
CMake Error at cmake/FindSIP.cmake:54 (MESSAGE):
  Could not find SIP
Call Stack (most recent call first):
  CMakeLists.txt:701 (FIND_PACKAGE)


-- Configuring incomplete, errors occurred!
See also "/Volumes/Data/GitHub/QGIS/cmake-build-debug/CMakeFiles/CMakeOutput.log".
See also "/Volumes/Data/GitHub/QGIS/cmake-build-debug/CMakeFiles/CMakeError.log".
